<?xml version="1.0" encoding="UTF-8"?>
<testsuite name="com.telran.phonebook.tests.AddContactTests" tests="9" skipped="5" failures="1" errors="0" timestamp="2022-09-19T05:37:28" hostname="LAPTOP-VV3CO11J" time="29.0">
  <properties/>
  <testcase name="addContactPositiveTest" classname="com.telran.phonebook.tests.AddContactTests" time="0.92"/>
  <testcase name="addContactPositiveTestFromDataProvider[0](TestName, TestSurname, +797812345, email@mail.co, BerlinAdress, Description)" classname="com.telran.phonebook.tests.AddContactTests" time="0.97"/>
  <testcase name="addContactPositiveTestFromDataProvider[1](OnemoreName, OnemoreSurname, +797324378, mail@gmail.co, SityAdress, About)" classname="com.telran.phonebook.tests.AddContactTests" time="0.948"/>
  <testcase name="ensurePreconditions" classname="com.telran.phonebook.tests.AddContactTests" time="1.211">
    <failure message="org.openqa.selenium.NoSuchWindowException: no such window: target window already closed&#10;from unknown error: web view not found&#10;  (Session info: chrome=105.0.5195.127)&#10;Build info: version: '3.141.59', revision: 'e82be7d358', time: '2018-11-14T08:17:03'&#10;System info: host: 'LAPTOP-VV3CO11J', ip: '10.10.14.212', os.name: 'Windows 10', os.arch: 'amd64', os.version: '10.0', java.version: '18'&#10;Driver info: org.openqa.selenium.chrome.ChromeDriver&#10;Capabilities {acceptInsecureCerts: false, browserName: chrome, browserVersion: 105.0.5195.127, chrome: {chromedriverVersion: 104.0.5112.79 (3cf3e8c8a07d..., userDataDir: C:\Users\iohoh\AppData\Loca...}, goog:chromeOptions: {debuggerAddress: localhost:51991}, javascriptEnabled: true, networkConnectionEnabled: false, pageLoadStrategy: normal, platform: WINDOWS, platformName: WINDOWS, proxy: Proxy(), setWindowRect: true, strictFileInteractability: false, timeouts: {implicit: 0, pageLoad: 300000, script: 30000}, unhandledPromptBehavior: dismiss and notify, webauthn:extension:credBlob: true, webauthn:extension:largeBlob: true, webauthn:virtualAuthenticators: true}&#10;Session ID: c4bc81744df075d2ce0191f7b63fda0c&#10;*** Element info: {Using=xpath, value=//a[contains (., 'LOGIN')]}" type="org.openqa.selenium.NoSuchWindowException">org.openqa.selenium.NoSuchWindowException: no such window: target window already closed
from unknown error: web view not found
  (Session info: chrome=105.0.5195.127)
Build info: version: '3.141.59', revision: 'e82be7d358', time: '2018-11-14T08:17:03'
System info: host: 'LAPTOP-VV3CO11J', ip: '10.10.14.212', os.name: 'Windows 10', os.arch: 'amd64', os.version: '10.0', java.version: '18'
Driver info: org.openqa.selenium.chrome.ChromeDriver
Capabilities {acceptInsecureCerts: false, browserName: chrome, browserVersion: 105.0.5195.127, chrome: {chromedriverVersion: 104.0.5112.79 (3cf3e8c8a07d..., userDataDir: C:\Users\iohoh\AppData\Loca...}, goog:chromeOptions: {debuggerAddress: localhost:51991}, javascriptEnabled: true, networkConnectionEnabled: false, pageLoadStrategy: normal, platform: WINDOWS, platformName: WINDOWS, proxy: Proxy(), setWindowRect: true, strictFileInteractability: false, timeouts: {implicit: 0, pageLoad: 300000, script: 30000}, unhandledPromptBehavior: dismiss and notify, webauthn:extension:credBlob: true, webauthn:extension:largeBlob: true, webauthn:virtualAuthenticators: true}
Session ID: c4bc81744df075d2ce0191f7b63fda0c
*** Element info: {Using=xpath, value=//a[contains (., 'LOGIN')]}
	at java.base@18/jdk.internal.reflect.DirectConstructorHandleAccessor.newInstance(DirectConstructorHandleAccessor.java:67)
	at java.base@18/java.lang.reflect.Constructor.newInstanceWithCaller(Constructor.java:499)
	at java.base@18/java.lang.reflect.Constructor.newInstance(Constructor.java:483)
	at app//org.openqa.selenium.remote.http.W3CHttpResponseCodec.createException(W3CHttpResponseCodec.java:187)
	at app//org.openqa.selenium.remote.http.W3CHttpResponseCodec.decode(W3CHttpResponseCodec.java:122)
	at app//org.openqa.selenium.remote.http.W3CHttpResponseCodec.decode(W3CHttpResponseCodec.java:49)
	at app//org.openqa.selenium.remote.HttpCommandExecutor.execute(HttpCommandExecutor.java:158)
	at app//org.openqa.selenium.remote.service.DriverCommandExecutor.execute(DriverCommandExecutor.java:83)
	at app//org.openqa.selenium.remote.RemoteWebDriver.execute(RemoteWebDriver.java:552)
	at app//org.openqa.selenium.remote.RemoteWebDriver.findElement(RemoteWebDriver.java:323)
	at app//org.openqa.selenium.remote.RemoteWebDriver.findElementByXPath(RemoteWebDriver.java:428)
	at app//org.openqa.selenium.By$ByXPath.findElement(By.java:353)
	at app//org.openqa.selenium.remote.RemoteWebDriver.findElement(RemoteWebDriver.java:315)
	at app//fw.HelperBase.click(HelperBase.java:52)
	at app//fw.HeaderHelper.clickOnLoginLink(HeaderHelper.java:16)
	at app//com.telran.phonebook.tests.AddContactTests.ensurePreconditions(AddContactTests.java:22)
	at java.base@18/jdk.internal.reflect.DirectMethodHandleAccessor.invoke(DirectMethodHandleAccessor.java:104)
	at java.base@18/java.lang.reflect.Method.invoke(Method.java:577)
	at app//org.testng.internal.MethodInvocationHelper.invokeMethod(MethodInvocationHelper.java:134)
	at app//org.testng.internal.MethodInvocationHelper.invokeMethodConsideringTimeout(MethodInvocationHelper.java:63)
	at app//org.testng.internal.ConfigInvoker.invokeConfigurationMethod(ConfigInvoker.java:348)
	at app//org.testng.internal.ConfigInvoker.invokeConfigurations(ConfigInvoker.java:302)
	at app//org.testng.internal.TestInvoker.runConfigMethods(TestInvoker.java:695)
	at app//org.testng.internal.TestInvoker.invokeMethod(TestInvoker.java:523)
	at app//org.testng.internal.TestInvoker.invokeTestMethod(TestInvoker.java:173)
	at app//org.testng.internal.MethodRunner.runInSequence(MethodRunner.java:46)
	at app//org.testng.internal.TestInvoker$MethodInvocationAgent.invoke(TestInvoker.java:816)
	at app//org.testng.internal.TestInvoker.invokeTestMethods(TestInvoker.java:146)
	at app//org.testng.internal.TestMethodWorker.invokeTestMethods(TestMethodWorker.java:146)
	at app//org.testng.internal.TestMethodWorker.run(TestMethodWorker.java:128)
	at java.base@18/java.util.ArrayList.forEach(ArrayList.java:1511)
	at app//org.testng.TestRunner.privateRun(TestRunner.java:766)
	at app//org.testng.TestRunner.run(TestRunner.java:587)
	at app//org.testng.SuiteRunner.runTest(SuiteRunner.java:384)
	at app//org.testng.SuiteRunner.runSequentially(SuiteRunner.java:378)
	at app//org.testng.SuiteRunner.privateRun(SuiteRunner.java:337)
	at app//org.testng.SuiteRunner.run(SuiteRunner.java:286)
	at app//org.testng.SuiteRunnerWorker.runSuite(SuiteRunnerWorker.java:53)
	at app//org.testng.SuiteRunnerWorker.run(SuiteRunnerWorker.java:96)
	at app//org.testng.TestNG.runSuitesSequentially(TestNG.java:1187)
	at app//org.testng.TestNG.runSuitesLocally(TestNG.java:1109)
	at app//org.testng.TestNG.runSuites(TestNG.java:1039)
	at app//org.testng.TestNG.run(TestNG.java:1007)
	at org.gradle.api.internal.tasks.testing.testng.TestNGTestClassProcessor.runTests(TestNGTestClassProcessor.java:141)
	at org.gradle.api.internal.tasks.testing.testng.TestNGTestClassProcessor.stop(TestNGTestClassProcessor.java:90)
	at org.gradle.api.internal.tasks.testing.SuiteTestClassProcessor.stop(SuiteTestClassProcessor.java:61)
	at java.base@18/jdk.internal.reflect.DirectMethodHandleAccessor.invoke(DirectMethodHandleAccessor.java:104)
	at java.base@18/java.lang.reflect.Method.invoke(Method.java:577)
	at org.gradle.internal.dispatch.ReflectionDispatch.dispatch(ReflectionDispatch.java:36)
	at org.gradle.internal.dispatch.ReflectionDispatch.dispatch(ReflectionDispatch.java:24)
	at org.gradle.internal.dispatch.ContextClassLoaderDispatch.dispatch(ContextClassLoaderDispatch.java:33)
	at org.gradle.internal.dispatch.ProxyDispatchAdapter$DispatchingInvocationHandler.invoke(ProxyDispatchAdapter.java:94)
	at jdk.proxy1/jdk.proxy1.$Proxy2.stop(Unknown Source)
	at org.gradle.api.internal.tasks.testing.worker.TestWorker$3.run(TestWorker.java:193)
	at org.gradle.api.internal.tasks.testing.worker.TestWorker.executeAndMaintainThreadName(TestWorker.java:129)
	at org.gradle.api.internal.tasks.testing.worker.TestWorker.execute(TestWorker.java:100)
	at org.gradle.api.internal.tasks.testing.worker.TestWorker.execute(TestWorker.java:60)
	at org.gradle.process.internal.worker.child.ActionExecutionWorker.execute(ActionExecutionWorker.java:56)
	at org.gradle.process.internal.worker.child.SystemApplicationClassLoaderWorker.call(SystemApplicationClassLoaderWorker.java:133)
	at org.gradle.process.internal.worker.child.SystemApplicationClassLoaderWorker.call(SystemApplicationClassLoaderWorker.java:71)
	at app//worker.org.gradle.process.internal.worker.GradleWorkerMain.run(GradleWorkerMain.java:69)
	at app//worker.org.gradle.process.internal.worker.GradleWorkerMain.main(GradleWorkerMain.java:74)
</failure>
  </testcase>
  <testcase name="addContactPositiveTestFromDataProvider" classname="com.telran.phonebook.tests.AddContactTests" time="0.0">
    <skipped/>
  </testcase>
  <testcase name="addContactPositiveTestFromDataProviderWithCsvFile" classname="com.telran.phonebook.tests.AddContactTests" time="0.0">
    <skipped/>
  </testcase>
  <testcase name="addContactPositiveTestFromDataProviderWithCsvFile" classname="com.telran.phonebook.tests.AddContactTests" time="0.0">
    <skipped/>
  </testcase>
  <testcase name="addContactPositiveTestFromDataProviderWithCsvFile" classname="com.telran.phonebook.tests.AddContactTests" time="0.0">
    <skipped/>
  </testcase>
  <testcase name="addContactPositiveTestFromDataProviderWithCsvFile" classname="com.telran.phonebook.tests.AddContactTests" time="0.0">
    <skipped/>
  </testcase>
  <system-out><![CDATA[08:37:18.156 [Test worker] INFO  com.telran.phonebook.tests.TestBase - Start Test with method addContactPositiveTest with data: []
08:37:29.826 [Test worker] INFO  com.telran.phonebook.tests.TestBase - PASSED: test method addContactPositiveTest
08:37:29.826 [Test worker] INFO  com.telran.phonebook.tests.TestBase - ====================================
08:37:31.401 [Test worker] INFO  com.telran.phonebook.tests.TestBase - Start Test with method addContactPositiveTestFromDataProvider with data: [TestName, TestSurname, +797812345, email@mail.co, BerlinAdress, Description]
08:37:43.141 [Test worker] INFO  com.telran.phonebook.tests.TestBase - PASSED: test method addContactPositiveTestFromDataProvider
08:37:43.151 [Test worker] INFO  com.telran.phonebook.tests.TestBase - ====================================
08:37:44.042 [Test worker] INFO  com.telran.phonebook.tests.TestBase - Start Test with method addContactPositiveTestFromDataProvider with data: [OnemoreName, OnemoreSurname, +797324378, mail@gmail.co, SityAdress, About]
08:37:55.673 [Test worker] INFO  com.telran.phonebook.tests.TestBase - PASSED: test method addContactPositiveTestFromDataProvider
08:37:55.673 [Test worker] INFO  com.telran.phonebook.tests.TestBase - ====================================
08:37:56.685 [Test worker] INFO  com.telran.phonebook.tests.TestBase - Start Test with method addContactPositiveTestFromDataProvider with data: [MoreName, MoreSurname, +791059945, po4ta@mail.co, Simfero, What]
]]></system-out>
  <system-err><![CDATA[Starting ChromeDriver 104.0.5112.79 (3cf3e8c8a07d104b9e1260c910efb8f383285dc5-refs/branch-heads/5112@{#1307}) on port 46581
Only local connections are allowed.
Please see https://chromedriver.chromium.org/security-considerations for suggestions on keeping ChromeDriver safe.
ChromeDriver was started successfully.
[1663565837.486][WARNING]: This version of ChromeDriver has not been tested with Chrome version 105.
????. 19, 2022 8:37:17 AM org.openqa.selenium.remote.ProtocolHandshake createSession
INFO: Detected dialect: W3C
Starting ChromeDriver 104.0.5112.79 (3cf3e8c8a07d104b9e1260c910efb8f383285dc5-refs/branch-heads/5112@{#1307}) on port 37725
Only local connections are allowed.
Please see https://chromedriver.chromium.org/security-considerations for suggestions on keeping ChromeDriver safe.
ChromeDriver was started successfully.
[1663565850.381][WARNING]: This version of ChromeDriver has not been tested with Chrome version 105.
????. 19, 2022 8:37:30 AM org.openqa.selenium.remote.ProtocolHandshake createSession
INFO: Detected dialect: W3C
Starting ChromeDriver 104.0.5112.79 (3cf3e8c8a07d104b9e1260c910efb8f383285dc5-refs/branch-heads/5112@{#1307}) on port 11225
Only local connections are allowed.
Please see https://chromedriver.chromium.org/security-considerations for suggestions on keeping ChromeDriver safe.
ChromeDriver was started successfully.
[1663565863.693][WARNING]: This version of ChromeDriver has not been tested with Chrome version 105.
????. 19, 2022 8:37:43 AM org.openqa.selenium.remote.ProtocolHandshake createSession
INFO: Detected dialect: W3C
Starting ChromeDriver 104.0.5112.79 (3cf3e8c8a07d104b9e1260c910efb8f383285dc5-refs/branch-heads/5112@{#1307}) on port 46266
Only local connections are allowed.
Please see https://chromedriver.chromium.org/security-considerations for suggestions on keeping ChromeDriver safe.
ChromeDriver was started successfully.
[1663565876.292][WARNING]: This version of ChromeDriver has not been tested with Chrome version 105.
????. 19, 2022 8:37:56 AM org.openqa.selenium.remote.ProtocolHandshake createSession
INFO: Detected dialect: W3C
]]></system-err>
</testsuite>
